;  LST file generated by mikroListExporter - v.2.0 
; Date/Time: 8/7/2024 8:40:44 PM
;----------------------------------------------

;Address Opcode 	ASM
0x0000	0x2956      	GOTO       342
_interrupt:
0x0004	0x00FF      	MOVWF      R15
0x0005	0x0E03      	SWAPF      STATUS, 0
0x0006	0x0183      	CLRF       STATUS
0x0007	0x00A9      	MOVWF      ___saveSTATUS
0x0008	0x080A      	MOVF       PCLATH, 0
0x0009	0x00AA      	MOVWF      ___savePCLATH
0x000A	0x018A      	CLRF       PCLATH
0x000B	0x0804      	MOVF       FSR, 0
0x000C	0x00A0      	MOVWF      32
;Trafic light system.c,33 :: 		void interrupt()
;Trafic light system.c,35 :: 		if(INTF_BIT){
0x000D	0x1C8B      	BTFSS      INTF_bit, BitPos(INTF_bit+0)
0x000E	0x2818      	GOTO       L_interrupt0
;Trafic light system.c,36 :: 		INTF_BIT = 0;
0x000F	0x108B      	BCF        INTF_bit, BitPos(INTF_bit+0)
;Trafic light system.c,37 :: 		if(Phase == 3)Phase = 0;
0x0010	0x0826      	MOVF       _Phase, 0
0x0011	0x3A03      	XORLW      3
0x0012	0x1D03      	BTFSS      STATUS, 2
0x0013	0x2816      	GOTO       L_interrupt1
0x0014	0x01A6      	CLRF       _Phase
0x0015	0x2817      	GOTO       L_interrupt2
L_interrupt1:
;Trafic light system.c,38 :: 		else ++Phase;
0x0016	0x0AA6      	INCF       _Phase, 1
L_interrupt2:
;Trafic light system.c,39 :: 		Manual();
0x0017	0x20B0      	CALL       _Manual
;Trafic light system.c,40 :: 		}
L_interrupt0:
;Trafic light system.c,41 :: 		if(RBIF_BIT){
0x0018	0x1C0B      	BTFSS      RBIF_bit, BitPos(RBIF_bit+0)
0x0019	0x2820      	GOTO       L_interrupt3
;Trafic light system.c,42 :: 		RBIF_BIT = 0;
0x001A	0x100B      	BCF        RBIF_bit, BitPos(RBIF_bit+0)
;Trafic light system.c,43 :: 		if(Manual_Auto)Manual();
0x001B	0x1E06      	BTFSS      PORTB, 4
0x001C	0x281F      	GOTO       L_interrupt4
0x001D	0x20B0      	CALL       _Manual
0x001E	0x2820      	GOTO       L_interrupt5
L_interrupt4:
;Trafic light system.c,44 :: 		else Automatic();
0x001F	0x2103      	CALL       _Automatic
L_interrupt5:
;Trafic light system.c,45 :: 		}
L_interrupt3:
;Trafic light system.c,46 :: 		}
L_end_interrupt:
L__interrupt53:
0x0020	0x0820      	MOVF       32, 0
0x0021	0x0084      	MOVWF      FSR
0x0022	0x082A      	MOVF       ___savePCLATH, 0
0x0023	0x008A      	MOVWF      PCLATH
0x0024	0x0E29      	SWAPF      ___saveSTATUS, 0
0x0025	0x0083      	MOVWF      STATUS
0x0026	0x0EFF      	SWAPF      R15, 1
0x0027	0x0E7F      	SWAPF      R15, 0
0x0028	0x0009      	RETFIE
; end of _interrupt
_Div_8X8_U:
;__Lib_Math.c,189 :: 		
;__Lib_Math.c,196 :: 		
0x0029	0x1283      	BCF        STATUS, 5
;__Lib_Math.c,197 :: 		
0x002A	0x1303      	BCF        STATUS, 6
;__Lib_Math.c,198 :: 		
0x002B	0x01F8      	CLRF       R8
;__Lib_Math.c,199 :: 		
0x002C	0x3008      	MOVLW      8
;__Lib_Math.c,200 :: 		
0x002D	0x00FC      	MOVWF      R12
;__Lib_Math.c,201 :: 		
0x002E	0x0D70      	RLF        R0, 0
;__Lib_Math.c,202 :: 		
0x002F	0x0DF8      	RLF        R8, 1
;__Lib_Math.c,203 :: 		
0x0030	0x0874      	MOVF       R4, 0
;__Lib_Math.c,204 :: 		
0x0031	0x02F8      	SUBWF      R8, 1
;__Lib_Math.c,205 :: 		
0x0032	0x1803      	BTFSC      STATUS, 0
;__Lib_Math.c,206 :: 		
0x0033	0x2836      	GOTO       $+3
;__Lib_Math.c,207 :: 		
0x0034	0x07F8      	ADDWF      R8, 1
;__Lib_Math.c,208 :: 		
0x0035	0x1003      	BCF        STATUS, 0
;__Lib_Math.c,209 :: 		
0x0036	0x0DF0      	RLF        R0, 1
;__Lib_Math.c,210 :: 		
0x0037	0x0BFC      	DECFSZ     R12, 1
;__Lib_Math.c,211 :: 		
0x0038	0x282E      	GOTO       $-10
;__Lib_Math.c,213 :: 		
L_end_Div_8X8_U:
0x0039	0x0008      	RETURN
; end of _Div_8X8_U
_Multiplex_4:
;Trafic light system.c,65 :: 		void Multiplex_4(char N1, char N2){
;Trafic light system.c,67 :: 		Trafic_light = Phases[phase];
0x003A	0x1283      	BCF        STATUS, 5
0x003B	0x1303      	BCF        STATUS, 6
0x003C	0x0826      	MOVF       _Phase, 0
0x003D	0x3E21      	ADDLW      _phases
0x003E	0x0084      	MOVWF      FSR
0x003F	0x0800      	MOVF       INDF, 0
0x0040	0x0088      	MOVWF      PORTD
;Trafic light system.c,68 :: 		for(i = 0 ; i < 50; ++i){
0x0041	0x01B0      	CLRF       Multiplex_4_i_L0
L_Multiplex_48:
0x0042	0x3032      	MOVLW      50
0x0043	0x0230      	SUBWF      Multiplex_4_i_L0, 0
0x0044	0x1803      	BTFSC      STATUS, 0
0x0045	0x28A6      	GOTO       L_Multiplex_49
;Trafic light system.c,69 :: 		Decoder = (N1 /10) | ((N1 /10)== 0? 0xf0 : 0b11100000);
0x0046	0x300A      	MOVLW      10
0x0047	0x00F4      	MOVWF      R4
0x0048	0x082C      	MOVF       FARG_Multiplex_4_N1, 0
0x0049	0x00F0      	MOVWF      R0
0x004A	0x2029      	CALL       _Div_8X8_U
0x004B	0x0870      	MOVF       R0, 0
0x004C	0x3A00      	XORLW      0
0x004D	0x1D03      	BTFSS      STATUS, 2
0x004E	0x2852      	GOTO       L_Multiplex_411
0x004F	0x30F0      	MOVLW      240
0x0050	0x00AE      	MOVWF      ?FLOC___Multiplex_4T17
0x0051	0x2854      	GOTO       L_Multiplex_412
L_Multiplex_411:
0x0052	0x30E0      	MOVLW      224
0x0053	0x00AE      	MOVWF      ?FLOC___Multiplex_4T17
L_Multiplex_412:
0x0054	0x082E      	MOVF       ?FLOC___Multiplex_4T17, 0
0x0055	0x0470      	IORWF      R0, 0
0x0056	0x0087      	MOVWF      PORTC
;Trafic light system.c,70 :: 		Delay_ms(WAIT);
0x0057	0x300D      	MOVLW      13
0x0058	0x00FC      	MOVWF      R12
0x0059	0x30FB      	MOVLW      251
0x005A	0x00FD      	MOVWF      R13
L_Multiplex_413:
0x005B	0x0BFD      	DECFSZ     R13, 1
0x005C	0x285B      	GOTO       L_Multiplex_413
0x005D	0x0BFC      	DECFSZ     R12, 1
0x005E	0x285B      	GOTO       L_Multiplex_413
0x005F	0x0000      	NOP
0x0060	0x0000      	NOP
;Trafic light system.c,71 :: 		Decoder = (N1 %10) |  0b11010000;
0x0061	0x300A      	MOVLW      10
0x0062	0x00F4      	MOVWF      R4
0x0063	0x082C      	MOVF       FARG_Multiplex_4_N1, 0
0x0064	0x00F0      	MOVWF      R0
0x0065	0x2029      	CALL       _Div_8X8_U
0x0066	0x0878      	MOVF       R8, 0
0x0067	0x00F0      	MOVWF      R0
0x0068	0x30D0      	MOVLW      208
0x0069	0x0470      	IORWF      R0, 0
0x006A	0x0087      	MOVWF      PORTC
;Trafic light system.c,72 :: 		Delay_ms(WAIT);
0x006B	0x300D      	MOVLW      13
0x006C	0x00FC      	MOVWF      R12
0x006D	0x30FB      	MOVLW      251
0x006E	0x00FD      	MOVWF      R13
L_Multiplex_414:
0x006F	0x0BFD      	DECFSZ     R13, 1
0x0070	0x286F      	GOTO       L_Multiplex_414
0x0071	0x0BFC      	DECFSZ     R12, 1
0x0072	0x286F      	GOTO       L_Multiplex_414
0x0073	0x0000      	NOP
0x0074	0x0000      	NOP
;Trafic light system.c,73 :: 		Decoder = (N2 /10) | ((N2 /10)== 0 ? 0xf0 : 0b10110000);
0x0075	0x300A      	MOVLW      10
0x0076	0x00F4      	MOVWF      R4
0x0077	0x082D      	MOVF       FARG_Multiplex_4_N2, 0
0x0078	0x00F0      	MOVWF      R0
0x0079	0x2029      	CALL       _Div_8X8_U
0x007A	0x0870      	MOVF       R0, 0
0x007B	0x3A00      	XORLW      0
0x007C	0x1D03      	BTFSS      STATUS, 2
0x007D	0x2881      	GOTO       L_Multiplex_415
0x007E	0x30F0      	MOVLW      240
0x007F	0x00AF      	MOVWF      ?FLOC___Multiplex_4T24
0x0080	0x2883      	GOTO       L_Multiplex_416
L_Multiplex_415:
0x0081	0x30B0      	MOVLW      176
0x0082	0x00AF      	MOVWF      ?FLOC___Multiplex_4T24
L_Multiplex_416:
0x0083	0x082F      	MOVF       ?FLOC___Multiplex_4T24, 0
0x0084	0x0470      	IORWF      R0, 0
0x0085	0x0087      	MOVWF      PORTC
;Trafic light system.c,74 :: 		Delay_ms(WAIT);
0x0086	0x300D      	MOVLW      13
0x0087	0x00FC      	MOVWF      R12
0x0088	0x30FB      	MOVLW      251
0x0089	0x00FD      	MOVWF      R13
L_Multiplex_417:
0x008A	0x0BFD      	DECFSZ     R13, 1
0x008B	0x288A      	GOTO       L_Multiplex_417
0x008C	0x0BFC      	DECFSZ     R12, 1
0x008D	0x288A      	GOTO       L_Multiplex_417
0x008E	0x0000      	NOP
0x008F	0x0000      	NOP
;Trafic light system.c,75 :: 		Decoder = (N2 %10) |  0b01110000;
0x0090	0x300A      	MOVLW      10
0x0091	0x00F4      	MOVWF      R4
0x0092	0x082D      	MOVF       FARG_Multiplex_4_N2, 0
0x0093	0x00F0      	MOVWF      R0
0x0094	0x2029      	CALL       _Div_8X8_U
0x0095	0x0878      	MOVF       R8, 0
0x0096	0x00F0      	MOVWF      R0
0x0097	0x3070      	MOVLW      112
0x0098	0x0470      	IORWF      R0, 0
0x0099	0x0087      	MOVWF      PORTC
;Trafic light system.c,76 :: 		Delay_ms(WAIT);
0x009A	0x300D      	MOVLW      13
0x009B	0x00FC      	MOVWF      R12
0x009C	0x30FB      	MOVLW      251
0x009D	0x00FD      	MOVWF      R13
L_Multiplex_418:
0x009E	0x0BFD      	DECFSZ     R13, 1
0x009F	0x289E      	GOTO       L_Multiplex_418
0x00A0	0x0BFC      	DECFSZ     R12, 1
0x00A1	0x289E      	GOTO       L_Multiplex_418
0x00A2	0x0000      	NOP
0x00A3	0x0000      	NOP
;Trafic light system.c,68 :: 		for(i = 0 ; i < 50; ++i){
0x00A4	0x0AB0      	INCF       Multiplex_4_i_L0, 1
;Trafic light system.c,77 :: 		}
0x00A5	0x2842      	GOTO       L_Multiplex_48
L_Multiplex_49:
;Trafic light system.c,78 :: 		Decoder = 0xF0;
0x00A6	0x30F0      	MOVLW      240
0x00A7	0x0087      	MOVWF      PORTC
;Trafic light system.c,79 :: 		}
L_end_Multiplex_4:
0x00A8	0x0008      	RETURN
; end of _Multiplex_4
_____DoICP:
;__Lib_System.c,6 :: 		
;__Lib_System.c,9 :: 		
0x00A9	0x1283      	BCF        STATUS, 5
0x00AA	0x1303      	BCF        STATUS, 6
0x00AB	0x0828      	MOVF       ___DoICPAddr+1, 0
0x00AC	0x008A      	MOVWF      PCLATH
;__Lib_System.c,10 :: 		
0x00AD	0x0827      	MOVF       ___DoICPAddr, 0
0x00AE	0x0082      	MOVWF      PCL
;__Lib_System.c,12 :: 		
L_end_____DoICP:
0x00AF	0x0008      	RETURN
; end of _____DoICP
_Manual:
;Trafic light system.c,110 :: 		void Manual (){
;Trafic light system.c,111 :: 		Decoder = 0xf0;
0x00B0	0x30F0      	MOVLW      240
0x00B1	0x1283      	BCF        STATUS, 5
0x00B2	0x1303      	BCF        STATUS, 6
0x00B3	0x0087      	MOVWF      PORTC
;Trafic light system.c,112 :: 		Trafic_light = Phases[phase];
0x00B4	0x0826      	MOVF       _Phase, 0
0x00B5	0x3E21      	ADDLW      _phases
0x00B6	0x0084      	MOVWF      FSR
0x00B7	0x0800      	MOVF       INDF, 0
0x00B8	0x0088      	MOVWF      PORTD
;Trafic light system.c,113 :: 		switch(Phase){
0x00B9	0x28E1      	GOTO       L_Manual37
;Trafic light system.c,114 :: 		case 0:
L_Manual39:
;Trafic light system.c,115 :: 		Auto_counter = 38;
0x00BA	0x3026      	MOVLW      38
0x00BB	0x00A5      	MOVWF      _Auto_counter
;Trafic light system.c,116 :: 		break;
0x00BC	0x28F1      	GOTO       L_Manual38
;Trafic light system.c,117 :: 		case 1:
L_Manual40:
;Trafic light system.c,118 :: 		Auto_counter = 18;
0x00BD	0x3012      	MOVLW      18
0x00BE	0x00A5      	MOVWF      _Auto_counter
;Trafic light system.c,119 :: 		for(; Auto_counter > 15 ; --Auto_counter)
L_Manual41:
0x00BF	0x0825      	MOVF       _Auto_counter, 0
0x00C0	0x3C0F      	SUBLW      15
0x00C1	0x1803      	BTFSC      STATUS, 0
0x00C2	0x28CD      	GOTO       L_Manual42
;Trafic light system.c,120 :: 		Multiplex_4(Auto_counter - 15, Auto_counter - 15);
0x00C3	0x300F      	MOVLW      15
0x00C4	0x0225      	SUBWF      _Auto_counter, 0
0x00C5	0x00F0      	MOVWF      R0
0x00C6	0x0870      	MOVF       R0, 0
0x00C7	0x00AC      	MOVWF      FARG_Multiplex_4_N1
0x00C8	0x0870      	MOVF       R0, 0
0x00C9	0x00AD      	MOVWF      FARG_Multiplex_4_N2
0x00CA	0x203A      	CALL       _Multiplex_4
;Trafic light system.c,119 :: 		for(; Auto_counter > 15 ; --Auto_counter)
0x00CB	0x03A5      	DECF       _Auto_counter, 1
;Trafic light system.c,120 :: 		Multiplex_4(Auto_counter - 15, Auto_counter - 15);
0x00CC	0x28BF      	GOTO       L_Manual41
L_Manual42:
;Trafic light system.c,121 :: 		Phase = 2;
0x00CD	0x3002      	MOVLW      2
0x00CE	0x00A6      	MOVWF      _Phase
;Trafic light system.c,122 :: 		break;
0x00CF	0x28F1      	GOTO       L_Manual38
;Trafic light system.c,123 :: 		case 2:
L_Manual44:
;Trafic light system.c,124 :: 		Auto_counter = 15;
0x00D0	0x300F      	MOVLW      15
0x00D1	0x00A5      	MOVWF      _Auto_counter
;Trafic light system.c,125 :: 		break;
0x00D2	0x28F1      	GOTO       L_Manual38
;Trafic light system.c,126 :: 		case 3:
L_Manual45:
;Trafic light system.c,127 :: 		Auto_counter = 3;
0x00D3	0x3003      	MOVLW      3
0x00D4	0x00A5      	MOVWF      _Auto_counter
;Trafic light system.c,128 :: 		for(; Auto_counter ; --Auto_counter)
L_Manual46:
0x00D5	0x0825      	MOVF       _Auto_counter, 0
0x00D6	0x1903      	BTFSC      STATUS, 2
0x00D7	0x28DF      	GOTO       L_Manual47
;Trafic light system.c,129 :: 		Multiplex_4(Auto_counter, Auto_counter);
0x00D8	0x0825      	MOVF       _Auto_counter, 0
0x00D9	0x00AC      	MOVWF      FARG_Multiplex_4_N1
0x00DA	0x0825      	MOVF       _Auto_counter, 0
0x00DB	0x00AD      	MOVWF      FARG_Multiplex_4_N2
0x00DC	0x203A      	CALL       _Multiplex_4
;Trafic light system.c,128 :: 		for(; Auto_counter ; --Auto_counter)
0x00DD	0x03A5      	DECF       _Auto_counter, 1
;Trafic light system.c,129 :: 		Multiplex_4(Auto_counter, Auto_counter);
0x00DE	0x28D5      	GOTO       L_Manual46
L_Manual47:
;Trafic light system.c,130 :: 		Phase = 0;
0x00DF	0x01A6      	CLRF       _Phase
;Trafic light system.c,131 :: 		}
0x00E0	0x28F1      	GOTO       L_Manual38
L_Manual37:
0x00E1	0x0826      	MOVF       _Phase, 0
0x00E2	0x3A00      	XORLW      0
0x00E3	0x1903      	BTFSC      STATUS, 2
0x00E4	0x28BA      	GOTO       L_Manual39
0x00E5	0x0826      	MOVF       _Phase, 0
0x00E6	0x3A01      	XORLW      1
0x00E7	0x1903      	BTFSC      STATUS, 2
0x00E8	0x28BD      	GOTO       L_Manual40
0x00E9	0x0826      	MOVF       _Phase, 0
0x00EA	0x3A02      	XORLW      2
0x00EB	0x1903      	BTFSC      STATUS, 2
0x00EC	0x28D0      	GOTO       L_Manual44
0x00ED	0x0826      	MOVF       _Phase, 0
0x00EE	0x3A03      	XORLW      3
0x00EF	0x1903      	BTFSC      STATUS, 2
0x00F0	0x28D3      	GOTO       L_Manual45
L_Manual38:
;Trafic light system.c,132 :: 		Trafic_light = Phases[phase];
0x00F1	0x0826      	MOVF       _Phase, 0
0x00F2	0x3E21      	ADDLW      _phases
0x00F3	0x0084      	MOVWF      FSR
0x00F4	0x0800      	MOVF       INDF, 0
0x00F5	0x0088      	MOVWF      PORTD
;Trafic light system.c,133 :: 		}
L_end_Manual:
0x00F6	0x0008      	RETURN
; end of _Manual
___CC2DW:
;__Lib_System.c,134 :: 		
;__Lib_System.c,137 :: 		
_CC2D_Loop1:
;__Lib_System.c,139 :: 		
0x00F7	0x20A9      	CALL       _____DoICP
0x00F8	0x118A      	BCF        PCLATH, 3
0x00F9	0x120A      	BCF        PCLATH, 4
;__Lib_System.c,141 :: 		
0x00FA	0x0080      	MOVWF      INDF
;__Lib_System.c,142 :: 		
0x00FB	0x0A84      	INCF       FSR, 1
;__Lib_System.c,143 :: 		
0x00FC	0x0AA7      	INCF       ___DoICPAddr, 1
;__Lib_System.c,145 :: 		
0x00FD	0x1903      	BTFSC      STATUS, 2
;__Lib_System.c,146 :: 		
0x00FE	0x0AA8      	INCF       ___DoICPAddr+1, 1
;__Lib_System.c,147 :: 		
0x00FF	0x03F0      	DECF       R0, 1
;__Lib_System.c,149 :: 		
0x0100	0x1D03      	BTFSS      STATUS, 2
;__Lib_System.c,150 :: 		
0x0101	0x28F7      	GOTO       _CC2D_Loop1
;__Lib_System.c,152 :: 		
L_end___CC2DW:
0x0102	0x0008      	RETURN
; end of ___CC2DW
_Automatic:
;Trafic light system.c,84 :: 		void Automatic(){
;Trafic light system.c,85 :: 		Auto_counter = Auto_counter ? Auto_counter : 38;
0x0103	0x1283      	BCF        STATUS, 5
0x0104	0x1303      	BCF        STATUS, 6
0x0105	0x0825      	MOVF       _Auto_counter, 0
0x0106	0x1903      	BTFSC      STATUS, 2
0x0107	0x290B      	GOTO       L_Automatic19
0x0108	0x0825      	MOVF       _Auto_counter, 0
0x0109	0x00AB      	MOVWF      ?FLOC___AutomaticT28
0x010A	0x290D      	GOTO       L_Automatic20
L_Automatic19:
0x010B	0x3026      	MOVLW      38
0x010C	0x00AB      	MOVWF      ?FLOC___AutomaticT28
L_Automatic20:
0x010D	0x082B      	MOVF       ?FLOC___AutomaticT28, 0
0x010E	0x00A5      	MOVWF      _Auto_counter
;Trafic light system.c,86 :: 		while( Auto_counter && !Manual_Auto){
L_Automatic21:
0x010F	0x0825      	MOVF       _Auto_counter, 0
0x0110	0x1903      	BTFSC      STATUS, 2
0x0111	0x2955      	GOTO       L_Automatic22
0x0112	0x1A06      	BTFSC      PORTB, 4
0x0113	0x2955      	GOTO       L_Automatic22
L__Automatic51:
;Trafic light system.c,87 :: 		if (Auto_counter > 18) {
0x0114	0x0825      	MOVF       _Auto_counter, 0
0x0115	0x3C12      	SUBLW      18
0x0116	0x1803      	BTFSC      STATUS, 0
0x0117	0x2921      	GOTO       L_Automatic25
;Trafic light system.c,88 :: 		Phase = 0;
0x0118	0x01A6      	CLRF       _Phase
;Trafic light system.c,89 :: 		Multiplex_4(Auto_counter - 15, Auto_counter - 18);
0x0119	0x300F      	MOVLW      15
0x011A	0x0225      	SUBWF      _Auto_counter, 0
0x011B	0x00AC      	MOVWF      FARG_Multiplex_4_N1
0x011C	0x3012      	MOVLW      18
0x011D	0x0225      	SUBWF      _Auto_counter, 0
0x011E	0x00AD      	MOVWF      FARG_Multiplex_4_N2
0x011F	0x203A      	CALL       _Multiplex_4
;Trafic light system.c,90 :: 		}
0x0120	0x294C      	GOTO       L_Automatic26
L_Automatic25:
;Trafic light system.c,91 :: 		else if (Auto_counter <= 18 && Auto_counter > 15) {
0x0121	0x0825      	MOVF       _Auto_counter, 0
0x0122	0x3C12      	SUBLW      18
0x0123	0x1C03      	BTFSS      STATUS, 0
0x0124	0x2934      	GOTO       L_Automatic29
0x0125	0x0825      	MOVF       _Auto_counter, 0
0x0126	0x3C0F      	SUBLW      15
0x0127	0x1803      	BTFSC      STATUS, 0
0x0128	0x2934      	GOTO       L_Automatic29
L__Automatic50:
;Trafic light system.c,92 :: 		Phase = 1;
0x0129	0x3001      	MOVLW      1
0x012A	0x00A6      	MOVWF      _Phase
;Trafic light system.c,93 :: 		Multiplex_4(Auto_counter - 15, Auto_counter - 15);
0x012B	0x300F      	MOVLW      15
0x012C	0x0225      	SUBWF      _Auto_counter, 0
0x012D	0x00F0      	MOVWF      R0
0x012E	0x0870      	MOVF       R0, 0
0x012F	0x00AC      	MOVWF      FARG_Multiplex_4_N1
0x0130	0x0870      	MOVF       R0, 0
0x0131	0x00AD      	MOVWF      FARG_Multiplex_4_N2
0x0132	0x203A      	CALL       _Multiplex_4
;Trafic light system.c,94 :: 		} else if (Auto_counter <= 15 && Auto_counter > 3) {
0x0133	0x294C      	GOTO       L_Automatic30
L_Automatic29:
0x0134	0x0825      	MOVF       _Auto_counter, 0
0x0135	0x3C0F      	SUBLW      15
0x0136	0x1C03      	BTFSS      STATUS, 0
0x0137	0x2945      	GOTO       L_Automatic33
0x0138	0x0825      	MOVF       _Auto_counter, 0
0x0139	0x3C03      	SUBLW      3
0x013A	0x1803      	BTFSC      STATUS, 0
0x013B	0x2945      	GOTO       L_Automatic33
L__Automatic49:
;Trafic light system.c,95 :: 		Phase =  2;
0x013C	0x3002      	MOVLW      2
0x013D	0x00A6      	MOVWF      _Phase
;Trafic light system.c,96 :: 		Multiplex_4(Auto_counter - 3, Auto_counter);
0x013E	0x3003      	MOVLW      3
0x013F	0x0225      	SUBWF      _Auto_counter, 0
0x0140	0x00AC      	MOVWF      FARG_Multiplex_4_N1
0x0141	0x0825      	MOVF       _Auto_counter, 0
0x0142	0x00AD      	MOVWF      FARG_Multiplex_4_N2
0x0143	0x203A      	CALL       _Multiplex_4
;Trafic light system.c,97 :: 		} else {
0x0144	0x294C      	GOTO       L_Automatic34
L_Automatic33:
;Trafic light system.c,98 :: 		Phase =  3;
0x0145	0x3003      	MOVLW      3
0x0146	0x00A6      	MOVWF      _Phase
;Trafic light system.c,99 :: 		Multiplex_4(Auto_counter, Auto_counter);
0x0147	0x0825      	MOVF       _Auto_counter, 0
0x0148	0x00AC      	MOVWF      FARG_Multiplex_4_N1
0x0149	0x0825      	MOVF       _Auto_counter, 0
0x014A	0x00AD      	MOVWF      FARG_Multiplex_4_N2
0x014B	0x203A      	CALL       _Multiplex_4
;Trafic light system.c,100 :: 		}
L_Automatic34:
L_Automatic30:
L_Automatic26:
;Trafic light system.c,101 :: 		if(Auto_counter == 1) Auto_counter = 38;
0x014C	0x0825      	MOVF       _Auto_counter, 0
0x014D	0x3A01      	XORLW      1
0x014E	0x1D03      	BTFSS      STATUS, 2
0x014F	0x2953      	GOTO       L_Automatic35
0x0150	0x3026      	MOVLW      38
0x0151	0x00A5      	MOVWF      _Auto_counter
0x0152	0x2954      	GOTO       L_Automatic36
L_Automatic35:
;Trafic light system.c,102 :: 		else Auto_counter--;
0x0153	0x03A5      	DECF       _Auto_counter, 1
L_Automatic36:
;Trafic light system.c,103 :: 		}
0x0154	0x290F      	GOTO       L_Automatic21
L_Automatic22:
;Trafic light system.c,104 :: 		}
L_end_Automatic:
0x0155	0x0008      	RETURN
; end of _Automatic
_main:
0x0156	0x3021      	MOVLW      33
0x0157	0x1283      	BCF        STATUS, 5
0x0158	0x1303      	BCF        STATUS, 6
0x0159	0x00A1      	MOVWF      _phases
0x015A	0x3011      	MOVLW      17
0x015B	0x00A2      	MOVWF      34
0x015C	0x300C      	MOVLW      12
0x015D	0x00A3      	MOVWF      35
0x015E	0x300A      	MOVLW      10
0x015F	0x00A4      	MOVWF      36
0x0160	0x3026      	MOVLW      38
0x0161	0x00A5      	MOVWF      _Auto_counter
;Trafic light system.c,52 :: 		void main() {
;Trafic light system.c,53 :: 		TRISC = TRISD = INTEDG_BIT = Phase = 0;
0x0162	0x01A6      	CLRF       _Phase
0x0163	0x1683      	BSF        STATUS, 5
0x0164	0x1301      	BCF        INTEDG_bit, BitPos(INTEDG_bit+0)
0x0165	0x3000      	MOVLW      0
0x0166	0x1B01      	BTFSC      INTEDG_bit, BitPos(INTEDG_bit+0)
0x0167	0x3001      	MOVLW      1
0x0168	0x0088      	MOVWF      TRISD
0x0169	0x0808      	MOVF       TRISD, 0
0x016A	0x0087      	MOVWF      TRISC
;Trafic light system.c,54 :: 		TRISB.B0 = TRISB.B4 = GIE_BIT = INTE_BIT = RBIE_BIT = RBIF_BIT = 1;
0x016B	0x140B      	BSF        RBIF_bit, BitPos(RBIF_bit+0)
0x016C	0x180B      	BTFSC      RBIF_bit, BitPos(RBIF_bit+0)
0x016D	0x2970      	GOTO       L__main55
0x016E	0x118B      	BCF        RBIE_bit, BitPos(RBIE_bit+0)
0x016F	0x2971      	GOTO       L__main56
L__main55:
0x0170	0x158B      	BSF        RBIE_bit, BitPos(RBIE_bit+0)
L__main56:
0x0171	0x198B      	BTFSC      RBIE_bit, BitPos(RBIE_bit+0)
0x0172	0x2975      	GOTO       L__main57
0x0173	0x120B      	BCF        INTE_bit, BitPos(INTE_bit+0)
0x0174	0x2976      	GOTO       L__main58
L__main57:
0x0175	0x160B      	BSF        INTE_bit, BitPos(INTE_bit+0)
L__main58:
0x0176	0x1A0B      	BTFSC      INTE_bit, BitPos(INTE_bit+0)
0x0177	0x297A      	GOTO       L__main59
0x0178	0x138B      	BCF        GIE_bit, BitPos(GIE_bit+0)
0x0179	0x297B      	GOTO       L__main60
L__main59:
0x017A	0x178B      	BSF        GIE_bit, BitPos(GIE_bit+0)
L__main60:
0x017B	0x1B8B      	BTFSC      GIE_bit, BitPos(GIE_bit+0)
0x017C	0x297F      	GOTO       L__main61
0x017D	0x1206      	BCF        TRISB, 4
0x017E	0x2980      	GOTO       L__main62
L__main61:
0x017F	0x1606      	BSF        TRISB, 4
L__main62:
0x0180	0x1A06      	BTFSC      TRISB, 4
0x0181	0x2984      	GOTO       L__main63
0x0182	0x1006      	BCF        TRISB, 0
0x0183	0x2985      	GOTO       L__main64
L__main63:
0x0184	0x1406      	BSF        TRISB, 0
L__main64:
;Trafic light system.c,55 :: 		Decoder = 0xF0;
0x0185	0x30F0      	MOVLW      240
0x0186	0x1283      	BCF        STATUS, 5
0x0187	0x0087      	MOVWF      PORTC
;Trafic light system.c,56 :: 		while(1){
L_main6:
;Trafic light system.c,57 :: 		asm sleep;
0x0188	0x0063      	SLEEP
;Trafic light system.c,58 :: 		}
0x0189	0x2988      	GOTO       L_main6
;Trafic light system.c,59 :: 		}
L_end_main:
0x018A	0x298A      	GOTO       $+0
; end of _main
Symbol List:
//** Routines locations **
//ADDRESS    SIZE    PROCEDURE
//----------------------------------------------
0x0004      [37]    _interrupt
0x0029      [17]    _Div_8X8_U
0x003A     [111]    _Multiplex_4
0x00A9       [7]    _____DoICP
0x00B0      [71]    _Manual
0x00F7      [12]    ___CC2DW
0x0103      [83]    _Automatic
0x0156      [53]    _main
//** Variables locations ** 
//ADDRESS    SIZE    VARIABLE
//----------------------------------------------
0x0000       [1]    INDF
0x0002       [1]    PCL
0x0003       [1]    STATUS
0x0004       [1]    FSR
0x0006       [1]    PORTB
0x0007       [1]    PORTC
0x0008       [1]    PORTD
0x000A       [1]    PCLATH
0x000B       [0]    GIE_bit
0x000B       [0]    INTE_bit
0x000B       [0]    RBIF_bit
0x000B       [0]    INTF_bit
0x000B       [0]    RBIE_bit
0x0021       [4]    _phases
0x0025       [1]    _Auto_counter
0x0026       [1]    _Phase
0x0027       [2]    ___DoICPAddr
0x0029       [1]    ___saveSTATUS
0x002A       [1]    ___savePCLATH
0x002B       [1]    ?FLOC___AutomaticT28
0x002C       [1]    FARG_Multiplex_4_N1
0x002D       [1]    FARG_Multiplex_4_N2
0x002E       [1]    ?FLOC___Multiplex_4T17
0x002F       [1]    ?FLOC___Multiplex_4T24
0x0030       [1]    Multiplex_4_i_L0
0x0070       [1]    R0
0x0071       [1]    R1
0x0072       [1]    R2
0x0073       [1]    R3
0x0074       [1]    R4
0x0075       [1]    R5
0x0076       [1]    R6
0x0077       [1]    R7
0x0078       [1]    R8
0x0079       [1]    R9
0x007A       [1]    R10
0x007B       [1]    R11
0x007C       [1]    R12
0x007D       [1]    R13
0x007E       [1]    R14
0x007F       [1]    R15
0x0081       [0]    INTEDG_bit
0x0086       [1]    TRISB
0x0087       [1]    TRISC
0x0088       [1]    TRISD
//** Label List: ** 
//----------------------------------------------
  L_interrupt0
  L_interrupt1
  L_interrupt2
  L_interrupt3
  L_interrupt4
  L_interrupt5
  L_main6
  L_main7
  L_Multiplex_48
  L_Multiplex_49
  L_Multiplex_410
  L_Multiplex_411
  L_Multiplex_412
  L_Multiplex_413
  L_Multiplex_414
  L_Multiplex_415
  L_Multiplex_416
  L_Multiplex_417
  L_Multiplex_418
  L_Automatic19
  L_Automatic20
  L_Automatic21
  L_Automatic22
  L_Automatic23
  L_Automatic24
  L_Automatic25
  L_Automatic26
  L_Automatic27
  L_Automatic28
  L_Automatic29
  L_Automatic30
  L_Automatic31
  L_Automatic32
  L_Automatic33
  L_Automatic34
  L_Automatic35
  L_Automatic36
  L_Manual37
  L_Manual38
  L_Manual39
  L_Manual40
  L_Manual41
  L_Manual42
  L_Manual43
  L_Manual44
  L_Manual45
  L_Manual46
  L_Manual47
  L_Manual48
  L__Automatic49
  L__Automatic50
  L__Automatic51
  L_end_interrupt
  _interrupt
  L__interrupt53
  L_end_main
  _main
  L__main55
  L__main56
  L__main57
  L__main58
  L__main59
  L__main60
  L__main61
  L__main62
  L__main63
  L__main64
  L_end_Multiplex_4
  _Multiplex_4
  L_end_Automatic
  _Automatic
  L_end_Manual
  _Manual
  L_loopCA2AWs
  L_CA2AWend
  _CCA2AW_Loop1
  L_loopCS2Ss
  L_CS2Send
  _CCS2S_Loop1
  L_CCS2Send
  L_loopFZinSWs
  L_FZinSend
  _CC2D_Loop1
  L_end_____DoICP
  _____DoICP
  L_end_____DoIFC
  _____DoIFC
  L_end___CA2AW
  ___CA2AW
  L_end___CCA2AW
  ___CCA2AW
  L_end___CS2S
  ___CS2S
  L_end___CCS2S
  ___CCS2S
  L_end___FZinS
  ___FZinS
  L_end___CC2DW
  ___CC2DW
  L_end_Swap
  _Swap
  L_interrupt0
  L_interrupt1
  L_interrupt2
  L_interrupt3
  L_interrupt4
  L_interrupt5
  L_main6
  L_main7
  L_Multiplex_48
  L_Multiplex_49
  L_Multiplex_410
  L_Multiplex_411
  L_Multiplex_412
  L_Multiplex_413
  L_Multiplex_414
  L_Multiplex_415
  L_Multiplex_416
  L_Multiplex_417
  L_Multiplex_418
  L_Automatic19
  L_Automatic20
  L_Automatic21
  L_Automatic22
  L_Automatic23
  L_Automatic24
  L_Automatic25
  L_Automatic26
  L_Automatic27
  L_Automatic28
  L_Automatic29
  L_Automatic30
  L_Automatic31
  L_Automatic32
  L_Automatic33
  L_Automatic34
  L_Automatic35
  L_Automatic36
  L_Manual37
  L_Manual38
  L_Manual39
  L_Manual40
  L_Manual41
  L_Manual42
  L_Manual43
  L_Manual44
  L_Manual45
  L_Manual46
  L_Manual47
  L_Manual48
  L__Automatic49
  L__Automatic50
  L__Automatic51
  L_end_interrupt
  _interrupt
  L__interrupt53
  L_end_main
  _main
  L__main55
  L__main56
  L__main57
  L__main58
  L__main59
  L__main60
  L__main61
  L__main62
  L__main63
  L__main64
  L_end_Multiplex_4
  _Multiplex_4
  L_end_Automatic
  _Automatic
  L_end_Manual
  _Manual
  L_Div_16x16_S0
  L_Div_16x16_S1
  LOOPS3232A
  SADD22LA
  SOK22LA
  SADD22L8
  SOK22L8
  LOOPS3232B
  SADD22LB
  SOK22LB
  SADD22L16
  SOK22L16
  LOOPS3232C
  SADD22LC
  SOK22LC
  SADD22L24
  SOK22L24
  LOOPS3232D
  SADD22LD
  SOK22LD
  SOK22L
  L_Div_32x32_S6
  L_Div_32x32_S7
  L_Div_32x32_S8
  L_Div_32x32_S9
  FXD3232S
  END_ALL
  CA3232S
  C3232SX
  C3232SX1
  C3232S
  C3232S2
  C3232SX4
  C3232SOK
  C3232SX3
  C3232SX2
  avoid_comfrem
  LOOPU3232A
  UADD22LA
  UOK22LA
  UADD22L8
  UOK22L8
  LOOPU3232B
  UADD22LB
  UOK22LB
  UADD22L16
  UOK22L16
  LOOPU3232C
  UADD22LC
  UOK22LC
  UADD22L24
  UOK22L24
  LOOPU3232D
  UADD22LD
  UOK22LD
  UOK22L
  _NEXT
  _EXIT2
  _LOOP
  _EXIT1
  _IF_FIRST
  _IF_SECOND
  _INVERCE_FIRST
  _MULT
  _INBERSE_SECOND
  _EXIT
  L_end_Mul_8X8_U
  _Mul_8X8_U
  L_end_Mul_16X16_U
  _Mul_16X16_U
  L_end_Div_8X8_U
  _Div_8X8_U
  L_end_Div_16X16_U
  _Div_16X16_U
  L_end_Mul_8X8_S
  _Mul_8X8_S
  L_end_Mul_16X16_S
  _Mul_16X16_S
  L_end_Div_16x16_S_L
  _Div_16x16_S_L
  L_end_Div_16x16_S
  _Div_16x16_S
  L_end_Div_8X8_S
  _Div_8X8_S
  L_end_SDIV3232L
  _SDIV3232L
  L_end_COMFREM
  _COMFREM
  L_end_Div_32x32_S
  _Div_32x32_S
  L_end_Div_32x32_U
  _Div_32x32_U
  L_end_Mul_32x32_U
  _Mul_32x32_U
  L_end_Mul_32x32_S
  _Mul_32x32_S
